<?xml version="1.0" encoding="UTF-8"?>
<!-- Generated by org.testng.reporters.JUnitXMLReporter -->
<testsuite hostname="DESKTOP-SOF7DK7" ignored="0" name="Test-chrome" tests="1" failures="0" timestamp="02 Sep 2020 15:31:19 GMT" time="11.871" errors="0">
  <testcase name="testGooglePageTitle" time="2.451" classname="selenium_Grid.Selenium_Grid_Concept"/>
</testsuite> <!-- Test-chrome -->
