<?xml version="1.0" encoding="UTF-8"?>
<!-- Generated by org.testng.reporters.JUnitReportReporter -->
<testsuite skipped="0" hostname="DESKTOP-SOF7DK7" name="qa.QTest" tests="7" failures="0" timestamp="15 Aug 2020 03:38:52 GMT" time="0.044" errors="0">
  <testcase name="a" time="0.011" classname="qa.QTest"/>
  <testcase name="p" time="0.005" classname="qa.QTest"/>
  <testcase name="b" time="0.003" classname="qa.QTest"/>
  <testcase name="s" time="0.004" classname="qa.QTest"/>
  <testcase name="s" time="0.002" classname="qa.QTest"/>
  <testcase name="s" time="0.003" classname="qa.QTest"/>
  <testcase name="a" time="0.016" classname="qa.QTest"/>
</testsuite> <!-- qa.QTest -->
