<?xml version="1.0" encoding="UTF-8"?>
<!-- Generated by org.testng.reporters.JUnitReportReporter -->
<testsuite skipped="0" hostname="DESKTOP-SOF7DK7" name="qa.DemoTest" tests="1" failures="0" timestamp="2020-08-14T18:57:01 IST" time="0.024" errors="0">
  <testcase name="foo" time="0.024" classname="qa.DemoTest"/>
  <system-out/>
</testsuite> <!-- qa.DemoTest -->
