<?xml version="1.0" encoding="UTF-8"?>
<!-- Generated by org.testng.reporters.JUnitReportReporter -->
<testsuite skipped="0" hostname="DESKTOP-SOF7DK7" name="selenium_Grid.QTest" tests="7" failures="0" timestamp="02 Sep 2020 14:40:43 GMT" time="0.070" errors="0">
  <testcase name="a" time="0.004" classname="selenium_Grid.QTest"/>
  <testcase name="s" time="0.031" classname="selenium_Grid.QTest"/>
  <testcase name="b" time="0.003" classname="selenium_Grid.QTest"/>
  <testcase name="p" time="0.004" classname="selenium_Grid.QTest"/>
  <testcase name="a" time="0.013" classname="selenium_Grid.QTest"/>
  <testcase name="s" time="0.012" classname="selenium_Grid.QTest"/>
  <testcase name="s" time="0.003" classname="selenium_Grid.QTest"/>
</testsuite> <!-- selenium_Grid.QTest -->
